
> thought-pipeline@1.0.0 thyme
> node thyme-bot.js

🌿 Thyme is awake and watching...
🌿 Thyme bot is running and listening for messages...
Thyme spawn error: Command failed: openclaw sessions_spawn --label "thyme-interactive" --task '
You are Thyme, Niranjan'\''s time management AI companion. 
Read your persona from /home/niranjan/.openclaw/workspace/agents/thyme.md.

Niranjan just messaged you: "hi"

Respond helpfully and concisely. Address him directly as "Niranjan".

After generating your response, you MUST send it to Telegram by running:
curl -s -X POST "https://api.telegram.org/bot8316956100:AAGPnFqBGCqd0vHRE4bjj-w4dV4xIYU3_CY/sendMessage" \
  -d "chat_id=1709443757" \
  -d "text=<YOUR_RESPONSE_HERE>" \
  -d "reply_to_message_id=11"

Replace <YOUR_RESPONSE_HERE> with your actual response text (URL encoded if needed).
' --agentId main --timeoutSeconds 60
error: unknown command 'sessions_spawn'

Thyme polling error: TelegramError: ETELEGRAM: 409 Conflict: terminated by other getUpdates request; make sure that only one bot instance is running
    at /home/niranjan/thought-pipeline/node_modules/node-telegram-bot-api/src/telegram.js:316:15
    at tryCatcher (/home/niranjan/thought-pipeline/node_modules/bluebird/js/release/util.js:16:23)
    at Promise._settlePromiseFromHandler (/home/niranjan/thought-pipeline/node_modules/bluebird/js/release/promise.js:547:31)
    at Promise._settlePromise (/home/niranjan/thought-pipeline/node_modules/bluebird/js/release/promise.js:604:18)
    at Promise._settlePromise0 (/home/niranjan/thought-pipeline/node_modules/bluebird/js/release/promise.js:649:10)
    at Promise._settlePromises (/home/niranjan/thought-pipeline/node_modules/bluebird/js/release/promise.js:729:18)
    at _drainQueueStep (/home/niranjan/thought-pipeline/node_modules/bluebird/js/release/async.js:93:12)
    at _drainQueue (/home/niranjan/thought-pipeline/node_modules/bluebird/js/release/async.js:86:9)
    at Async._drainQueues (/home/niranjan/thought-pipeline/node_modules/bluebird/js/release/async.js:102:5)
    at Async.drainQueues [as _onImmediate] (/home/niranjan/thought-pipeline/node_modules/bluebird/js/release/async.js:15:14)
    at process.processImmediate (node:internal/timers:504:21) {
  code: 'ETELEGRAM',
  response: <ref *1> IncomingMessage {
    _events: {
      close: [Array],
      error: [Function (anonymous)],
      data: [Function (anonymous)],
      end: [Array],
      readable: undefined
    },
    _readableState: ReadableState {
      highWaterMark: 65536,
      buffer: [],
      bufferIndex: 0,
      length: 0,
      pipes: [],
      awaitDrainWriters: null,
      Symbol(kState): 194779004
    },
    _maxListeners: undefined,
    socket: null,
    httpVersionMajor: 1,
    httpVersionMinor: 1,
    httpVersion: '1.1',
    complete: true,
    rawHeaders: [
      'Server',
      'nginx/1.18.0',
      'Date',
      'Sat, 14 Feb 2026 07:54:16 GMT',
      'Content-Type',
      'application/json',
      'Content-Length',
      '143',
      'Connection',
      'keep-alive',
      'Strict-Transport-Security',
      'max-age=31536000; includeSubDomains; preload',
      'Access-Control-Allow-Origin',
      '*',
      'Access-Control-Expose-Headers',
      'Content-Length,Content-Type,Date,Server,Connection'
    ],
    rawTrailers: [],
    joinDuplicateHeaders: undefined,
    aborted: false,
    upgrade: false,
    url: '',
    method: null,
    statusCode: 409,
    statusMessage: 'Conflict',
    client: TLSSocket {
      _tlsOptions: [Object],
      _secureEstablished: true,
      _securePending: false,
      _newSessionPending: false,
      _controlReleased: true,
      secureConnecting: false,
      _SNICallback: null,
      servername: 'api.telegram.org',
      alpnProtocol: false,
      authorized: true,
      authorizationError: null,
      encrypted: true,
      _events: [Object: null prototype],
      _eventsCount: 9,
      connecting: false,
      _hadError: false,
      _parent: null,
      _host: 'api.telegram.org',
      _closeAfterHandlingError: false,
      _readableState: [ReadableState],
      _writableState: [WritableState],
      allowHalfOpen: false,
      _maxListeners: undefined,
      _sockname: null,
      _pendingData: null,
      _pendingEncoding: '',
      server: undefined,
      _server: null,
      ssl: [TLSWrap],
      _requestCert: true,
      _rejectUnauthorized: true,
      parser: null,
      _httpMessage: null,
      autoSelectFamilyAttemptedAddresses: [Array],
      timeout: 0,
      Symbol(alpncallback): null,
      Symbol(res): [TLSWrap],
      Symbol(verified): true,
      Symbol(pendingSession): null,
      Symbol(async_id_symbol): -1,
      Symbol(kHandle): [TLSWrap],
      Symbol(lastWriteQueueSize): 0,
      Symbol(timeout): null,
      Symbol(kBuffer): null,
      Symbol(kBufferCb): null,
      Symbol(kBufferGen): null,
      Symbol(shapeMode): true,
      Symbol(kCapture): false,
      Symbol(kSetNoDelay): false,
      Symbol(kSetKeepAlive): true,
      Symbol(kSetKeepAliveInitialDelay): 1,
      Symbol(kSetTOS): undefined,
      Symbol(kBytesRead): 0,
      Symbol(kBytesWritten): 0,
      Symbol(connect-options): [Object]
    },
    _consuming: false,
    _dumped: false,
    req: ClientRequest {
      _events: [Object: null prototype],
      _eventsCount: 5,
      _maxListeners: undefined,
      outputData: [],
      outputSize: 0,
      writable: true,
      destroyed: true,
      _last: false,
      chunkedEncoding: false,
      shouldKeepAlive: true,
      maxRequestsOnConnectionReached: false,
      _defaultKeepAlive: true,
      useChunkedEncodingByDefault: true,
      sendDate: false,
      _removedConnection: false,
      _removedContLen: false,
      _removedTE: false,
      strictContentLength: false,
      _contentLength: 27,
      _hasBody: true,
      _trailer: '',
      finished: true,
      _headerSent: true,
      _closed: true,
      _header: 'POST /bot8316956100:AAGPnFqBGCqd0vHRE4bjj-w4dV4xIYU3_CY/getUpdates HTTP/1.1\r\n' +
        'host: api.telegram.org\r\n' +
        'content-type: application/x-www-form-urlencoded\r\n' +
        'content-length: 27\r\n' +
        'Connection: keep-alive\r\n' +
        '\r\n',
      _keepAliveTimeout: 0,
      _onPendingData: [Function: nop],
      agent: [Agent],
      socketPath: undefined,
      method: 'POST',
      maxHeaderSize: undefined,
      insecureHTTPParser: undefined,
      joinDuplicateHeaders: undefined,
      path: '/bot8316956100:AAGPnFqBGCqd0vHRE4bjj-w4dV4xIYU3_CY/getUpdates',
      _ended: true,
      res: [Circular *1],
      aborted: false,
      timeoutCb: null,
      upgradeOrConnect: false,
      parser: null,
      maxHeadersCount: null,
      reusedSocket: true,
      host: 'api.telegram.org',
      protocol: 'https:',
      Symbol(shapeMode): false,
      Symbol(kCapture): false,
      Symbol(kBytesWritten): 0,
      Symbol(kNeedDrain): false,
      Symbol(corked): 0,
      Symbol(kChunkedBuffer): [],
      Symbol(kChunkedLength): 0,
      Symbol(kSocket): [TLSSocket],
      Symbol(kOutHeaders): [Object: null prototype],
      Symbol(errored): null,
      Symbol(kHighWaterMark): 65536,
      Symbol(kRejectNonStandardBodyWrites): false,
      Symbol(kUniqueHeaders): null
    },
    _eventsCount: 4,
    request: Request {
      _events: [Object: null prototype],
      _eventsCount: 5,
      _maxListeners: undefined,
      method: 'POST',
      simple: false,
      resolveWithFullResponse: true,
      forever: true,
      readable: true,
      writable: true,
      explicitMethod: true,
      _qs: [Querystring],
      _auth: [Auth],
      _multipart: [Multipart],
      _redirect: [Redirect],
      _tunnel: [Tunnel],
      _rp_resolve: [Function (anonymous)],
      _rp_reject: [Function (anonymous)],
      _rp_promise: [Promise [Object]],
      _rp_callbackOrig: undefined,
      callback: [Function (anonymous)],
      _rp_options: [Object],
      headers: [Object],
      setHeader: [Function (anonymous)],
      hasHeader: [Function (anonymous)],
      getHeader: [Function (anonymous)],
      removeHeader: [Function (anonymous)],
      localAddress: undefined,
      pool: [Object],
      dests: [],
      __isRequestRequest: true,
      _callback: [Function: RP$callback],
      uri: [Url],
      proxy: null,
      tunnel: true,
      setHost: true,
      originalCookieHeader: undefined,
      _disableCookies: true,
      _jar: undefined,
      port: 443,
      host: 'api.telegram.org',
      body: 'offset=926588295&timeout=10',
      path: '/bot8316956100:AAGPnFqBGCqd0vHRE4bjj-w4dV4xIYU3_CY/getUpdates',
      httpModule: [Object],
      agentClass: [Function: Agent],
      agentOptions: [Object],
      agent: [Agent],
      _started: true,
      href: 'https://api.telegram.org/bot8316956100:AAGPnFqBGCqd0vHRE4bjj-w4dV4xIYU3_CY/getUpdates',
      req: [ClientRequest],
      ntick: true,
      response: [Circular *1],
      originalHost: 'api.telegram.org',
      originalHostHeaderName: 'host',
      responseContent: [Circular *1],
      _destdata: true,
      _ended: true,
      _callbackCalled: true,
      Symbol(shapeMode): false,
      Symbol(kCapture): false
    },
    toJSON: [Function: responseToJSON],
    caseless: Caseless { dict: [Object] },
    body: {
      ok: false,
      error_code: 409,
      description: 'Conflict: terminated by other getUpdates request; make sure that only one bot instance is running'
    },
    Symbol(shapeMode): true,
    Symbol(kCapture): false,
    Symbol(kHeaders): {
      server: 'nginx/1.18.0',
      date: 'Sat, 14 Feb 2026 07:54:16 GMT',
      'content-type': 'application/json',
      'content-length': '143',
      connection: 'keep-alive',
      'strict-transport-security': 'max-age=31536000; includeSubDomains; preload',
      'access-control-allow-origin': '*',
      'access-control-expose-headers': 'Content-Length,Content-Type,Date,Server,Connection'
    },
    Symbol(kHeadersCount): 16,
    Symbol(kTrailers): null,
    Symbol(kTrailersCount): 0
  }
}
Thyme polling error: TelegramError: ETELEGRAM: 409 Conflict: terminated by other getUpdates request; make sure that only one bot instance is running
    at /home/niranjan/thought-pipeline/node_modules/node-telegram-bot-api/src/telegram.js:316:15
    at tryCatcher (/home/niranjan/thought-pipeline/node_modules/bluebird/js/release/util.js:16:23)
    at Promise._settlePromiseFromHandler (/home/niranjan/thought-pipeline/node_modules/bluebird/js/release/promise.js:547:31)
    at Promise._settlePromise (/home/niranjan/thought-pipeline/node_modules/bluebird/js/release/promise.js:604:18)
    at Promise._settlePromise0 (/home/niranjan/thought-pipeline/node_modules/bluebird/js/release/promise.js:649:10)
    at Promise._settlePromises (/home/niranjan/thought-pipeline/node_modules/bluebird/js/release/promise.js:729:18)
    at _drainQueueStep (/home/niranjan/thought-pipeline/node_modules/bluebird/js/release/async.js:93:12)
    at _drainQueue (/home/niranjan/thought-pipeline/node_modules/bluebird/js/release/async.js:86:9)
    at Async._drainQueues (/home/niranjan/thought-pipeline/node_modules/bluebird/js/release/async.js:102:5)
    at Async.drainQueues [as _onImmediate] (/home/niranjan/thought-pipeline/node_modules/bluebird/js/release/async.js:15:14)
    at process.processImmediate (node:internal/timers:504:21) {
  code: 'ETELEGRAM',
  response: <ref *1> IncomingMessage {
    _events: {
      close: [Array],
      error: [Function (anonymous)],
      data: [Function (anonymous)],
      end: [Array],
      readable: undefined
    },
    _readableState: ReadableState {
      highWaterMark: 65536,
      buffer: [],
      bufferIndex: 0,
      length: 0,
      pipes: [],
      awaitDrainWriters: null,
      Symbol(kState): 194779004
    },
    _maxListeners: undefined,
    socket: null,
    httpVersionMajor: 1,
    httpVersionMinor: 1,
    httpVersion: '1.1',
    complete: true,
    rawHeaders: [
      'Server',
      'nginx/1.18.0',
      'Date',
      'Sat, 14 Feb 2026 07:54:35 GMT',
      'Content-Type',
      'application/json',
      'Content-Length',
      '143',
      'Connection',
      'keep-alive',
      'Strict-Transport-Security',
      'max-age=31536000; includeSubDomains; preload',
      'Access-Control-Allow-Origin',
      '*',
      'Access-Control-Expose-Headers',
      'Content-Length,Content-Type,Date,Server,Connection'
    ],
    rawTrailers: [],
    joinDuplicateHeaders: undefined,
    aborted: false,
    upgrade: false,
    url: '',
    method: null,
    statusCode: 409,
    statusMessage: 'Conflict',
    client: TLSSocket {
      _tlsOptions: [Object],
      _secureEstablished: true,
      _securePending: false,
      _newSessionPending: false,
      _controlReleased: true,
      secureConnecting: false,
      _SNICallback: null,
      servername: 'api.telegram.org',
      alpnProtocol: false,
      authorized: true,
      authorizationError: null,
      encrypted: true,
      _events: [Object: null prototype],
      _eventsCount: 9,
      connecting: false,
      _hadError: false,
      _parent: null,
      _host: 'api.telegram.org',
      _closeAfterHandlingError: false,
      _readableState: [ReadableState],
      _writableState: [WritableState],
      allowHalfOpen: false,
      _maxListeners: undefined,
      _sockname: null,
      _pendingData: null,
      _pendingEncoding: '',
      server: undefined,
      _server: null,
      ssl: [TLSWrap],
      _requestCert: true,
      _rejectUnauthorized: true,
      parser: null,
      _httpMessage: null,
      autoSelectFamilyAttemptedAddresses: [Array],
      timeout: 0,
      Symbol(alpncallback): null,
      Symbol(res): [TLSWrap],
      Symbol(verified): true,
      Symbol(pendingSession): null,
      Symbol(async_id_symbol): -1,
      Symbol(kHandle): [TLSWrap],
      Symbol(lastWriteQueueSize): 0,
      Symbol(timeout): null,
      Symbol(kBuffer): null,
      Symbol(kBufferCb): null,
      Symbol(kBufferGen): null,
      Symbol(shapeMode): true,
      Symbol(kCapture): false,
      Symbol(kSetNoDelay): false,
      Symbol(kSetKeepAlive): true,
      Symbol(kSetKeepAliveInitialDelay): 1,
      Symbol(kSetTOS): undefined,
      Symbol(kBytesRead): 0,
      Symbol(kBytesWritten): 0,
      Symbol(connect-options): [Object]
    },
    _consuming: false,
    _dumped: false,
    req: ClientRequest {
      _events: [Object: null prototype],
      _eventsCount: 5,
      _maxListeners: undefined,
      outputData: [],
      outputSize: 0,
      writable: true,
      destroyed: true,
      _last: false,
      chunkedEncoding: false,
      shouldKeepAlive: true,
      maxRequestsOnConnectionReached: false,
      _defaultKeepAlive: true,
      useChunkedEncodingByDefault: true,
      sendDate: false,
      _removedConnection: false,
      _removedContLen: false,
      _removedTE: false,
      strictContentLength: false,
      _contentLength: 27,
      _hasBody: true,
      _trailer: '',
      finished: true,
      _headerSent: true,
      _closed: true,
      _header: 'POST /bot8316956100:AAGPnFqBGCqd0vHRE4bjj-w4dV4xIYU3_CY/getUpdates HTTP/1.1\r\n' +
        'host: api.telegram.org\r\n' +
        'content-type: application/x-www-form-urlencoded\r\n' +
        'content-length: 27\r\n' +
        'Connection: keep-alive\r\n' +
        '\r\n',
      _keepAliveTimeout: 0,
      _onPendingData: [Function: nop],
      agent: [Agent],
      socketPath: undefined,
      method: 'POST',
      maxHeaderSize: undefined,
      insecureHTTPParser: undefined,
      joinDuplicateHeaders: undefined,
      path: '/bot8316956100:AAGPnFqBGCqd0vHRE4bjj-w4dV4xIYU3_CY/getUpdates',
      _ended: true,
      res: [Circular *1],
      aborted: false,
      timeoutCb: null,
      upgradeOrConnect: false,
      parser: null,
      maxHeadersCount: null,
      reusedSocket: true,
      host: 'api.telegram.org',
      protocol: 'https:',
      Symbol(shapeMode): false,
      Symbol(kCapture): false,
      Symbol(kBytesWritten): 0,
      Symbol(kNeedDrain): false,
      Symbol(corked): 0,
      Symbol(kChunkedBuffer): [],
      Symbol(kChunkedLength): 0,
      Symbol(kSocket): [TLSSocket],
      Symbol(kOutHeaders): [Object: null prototype],
      Symbol(errored): null,
      Symbol(kHighWaterMark): 65536,
      Symbol(kRejectNonStandardBodyWrites): false,
      Symbol(kUniqueHeaders): null
    },
    _eventsCount: 4,
    request: Request {
      _events: [Object: null prototype],
      _eventsCount: 5,
      _maxListeners: undefined,
      method: 'POST',
      simple: false,
      resolveWithFullResponse: true,
      forever: true,
      readable: true,
      writable: true,
      explicitMethod: true,
      _qs: [Querystring],
      _auth: [Auth],
      _multipart: [Multipart],
      _redirect: [Redirect],
      _tunnel: [Tunnel],
      _rp_resolve: [Function (anonymous)],
      _rp_reject: [Function (anonymous)],
      _rp_promise: [Promise [Object]],
      _rp_callbackOrig: undefined,
      callback: [Function (anonymous)],
      _rp_options: [Object],
      headers: [Object],
      setHeader: [Function (anonymous)],
      hasHeader: [Function (anonymous)],
      getHeader: [Function (anonymous)],
      removeHeader: [Function (anonymous)],
      localAddress: undefined,
      pool: [Object],
      dests: [],
      __isRequestRequest: true,
      _callback: [Function: RP$callback],
      uri: [Url],
      proxy: null,
      tunnel: true,
      setHost: true,
      originalCookieHeader: undefined,
      _disableCookies: true,
      _jar: undefined,
      port: 443,
      host: 'api.telegram.org',
      body: 'offset=926588295&timeout=10',
      path: '/bot8316956100:AAGPnFqBGCqd0vHRE4bjj-w4dV4xIYU3_CY/getUpdates',
      httpModule: [Object],
      agentClass: [Function: Agent],
      agentOptions: [Object],
      agent: [Agent],
      _started: true,
      href: 'https://api.telegram.org/bot8316956100:AAGPnFqBGCqd0vHRE4bjj-w4dV4xIYU3_CY/getUpdates',
      req: [ClientRequest],
      ntick: true,
      response: [Circular *1],
      originalHost: 'api.telegram.org',
      originalHostHeaderName: 'host',
      responseContent: [Circular *1],
      _destdata: true,
      _ended: true,
      _callbackCalled: true,
      Symbol(shapeMode): false,
      Symbol(kCapture): false
    },
    toJSON: [Function: responseToJSON],
    caseless: Caseless { dict: [Object] },
    body: {
      ok: false,
      error_code: 409,
      description: 'Conflict: terminated by other getUpdates request; make sure that only one bot instance is running'
    },
    Symbol(shapeMode): true,
    Symbol(kCapture): false,
    Symbol(kHeaders): {
      server: 'nginx/1.18.0',
      date: 'Sat, 14 Feb 2026 07:54:35 GMT',
      'content-type': 'application/json',
      'content-length': '143',
      connection: 'keep-alive',
      'strict-transport-security': 'max-age=31536000; includeSubDomains; preload',
      'access-control-allow-origin': '*',
      'access-control-expose-headers': 'Content-Length,Content-Type,Date,Server,Connection'
    },
    Symbol(kHeadersCount): 16,
    Symbol(kTrailers): null,
    Symbol(kTrailersCount): 0
  }
}
Thyme polling error: TelegramError: ETELEGRAM: 409 Conflict: terminated by other getUpdates request; make sure that only one bot instance is running
    at /home/niranjan/thought-pipeline/node_modules/node-telegram-bot-api/src/telegram.js:316:15
    at tryCatcher (/home/niranjan/thought-pipeline/node_modules/bluebird/js/release/util.js:16:23)
    at Promise._settlePromiseFromHandler (/home/niranjan/thought-pipeline/node_modules/bluebird/js/release/promise.js:547:31)
    at Promise._settlePromise (/home/niranjan/thought-pipeline/node_modules/bluebird/js/release/promise.js:604:18)
    at Promise._settlePromise0 (/home/niranjan/thought-pipeline/node_modules/bluebird/js/release/promise.js:649:10)
    at Promise._settlePromises (/home/niranjan/thought-pipeline/node_modules/bluebird/js/release/promise.js:729:18)
    at _drainQueueStep (/home/niranjan/thought-pipeline/node_modules/bluebird/js/release/async.js:93:12)
    at _drainQueue (/home/niranjan/thought-pipeline/node_modules/bluebird/js/release/async.js:86:9)
    at Async._drainQueues (/home/niranjan/thought-pipeline/node_modules/bluebird/js/release/async.js:102:5)
    at Async.drainQueues [as _onImmediate] (/home/niranjan/thought-pipeline/node_modules/bluebird/js/release/async.js:15:14)
    at process.processImmediate (node:internal/timers:504:21) {
  code: 'ETELEGRAM',
  response: <ref *1> IncomingMessage {
    _events: {
      close: [Array],
      error: [Function (anonymous)],
      data: [Function (anonymous)],
      end: [Array],
      readable: undefined
    },
    _readableState: ReadableState {
      highWaterMark: 65536,
      buffer: [],
      bufferIndex: 0,
      length: 0,
      pipes: [],
      awaitDrainWriters: null,
      Symbol(kState): 194779004
    },
    _maxListeners: undefined,
    socket: null,
    httpVersionMajor: 1,
    httpVersionMinor: 1,
    httpVersion: '1.1',
    complete: true,
    rawHeaders: [
      'Server',
      'nginx/1.18.0',
      'Date',
      'Sat, 14 Feb 2026 07:54:57 GMT',
      'Content-Type',
      'application/json',
      'Content-Length',
      '143',
      'Connection',
      'keep-alive',
      'Strict-Transport-Security',
      'max-age=31536000; includeSubDomains; preload',
      'Access-Control-Allow-Origin',
      '*',
      'Access-Control-Expose-Headers',
      'Content-Length,Content-Type,Date,Server,Connection'
    ],
    rawTrailers: [],
    joinDuplicateHeaders: undefined,
    aborted: false,
    upgrade: false,
    url: '',
    method: null,
    statusCode: 409,
    statusMessage: 'Conflict',
    client: TLSSocket {
      _tlsOptions: [Object],
      _secureEstablished: true,
      _securePending: false,
      _newSessionPending: false,
      _controlReleased: true,
      secureConnecting: false,
      _SNICallback: null,
      servername: 'api.telegram.org',
      alpnProtocol: false,
      authorized: true,
      authorizationError: null,
      encrypted: true,
      _events: [Object: null prototype],
      _eventsCount: 9,
      connecting: false,
      _hadError: false,
      _parent: null,
      _host: 'api.telegram.org',
      _closeAfterHandlingError: false,
      _readableState: [ReadableState],
      _writableState: [WritableState],
      allowHalfOpen: false,
      _maxListeners: undefined,
      _sockname: null,
      _pendingData: null,
      _pendingEncoding: '',
      server: undefined,
      _server: null,
      ssl: [TLSWrap],
      _requestCert: true,
      _rejectUnauthorized: true,
      parser: null,
      _httpMessage: null,
      autoSelectFamilyAttemptedAddresses: [Array],
      timeout: 0,
      Symbol(alpncallback): null,
      Symbol(res): [TLSWrap],
      Symbol(verified): true,
      Symbol(pendingSession): null,
      Symbol(async_id_symbol): -1,
      Symbol(kHandle): [TLSWrap],
      Symbol(lastWriteQueueSize): 0,
      Symbol(timeout): null,
      Symbol(kBuffer): null,
      Symbol(kBufferCb): null,
      Symbol(kBufferGen): null,
      Symbol(shapeMode): true,
      Symbol(kCapture): false,
      Symbol(kSetNoDelay): false,
      Symbol(kSetKeepAlive): true,
      Symbol(kSetKeepAliveInitialDelay): 1,
      Symbol(kSetTOS): undefined,
      Symbol(kBytesRead): 0,
      Symbol(kBytesWritten): 0,
      Symbol(connect-options): [Object]
    },
    _consuming: false,
    _dumped: false,
    req: ClientRequest {
      _events: [Object: null prototype],
      _eventsCount: 5,
      _maxListeners: undefined,
      outputData: [],
      outputSize: 0,
      writable: true,
      destroyed: true,
      _last: false,
      chunkedEncoding: false,
      shouldKeepAlive: true,
      maxRequestsOnConnectionReached: false,
      _defaultKeepAlive: true,
      useChunkedEncodingByDefault: true,
      sendDate: false,
      _removedConnection: false,
      _removedContLen: false,
      _removedTE: false,
      strictContentLength: false,
      _contentLength: 27,
      _hasBody: true,
      _trailer: '',
      finished: true,
      _headerSent: true,
      _closed: true,
      _header: 'POST /bot8316956100:AAGPnFqBGCqd0vHRE4bjj-w4dV4xIYU3_CY/getUpdates HTTP/1.1\r\n' +
        'host: api.telegram.org\r\n' +
        'content-type: application/x-www-form-urlencoded\r\n' +
        'content-length: 27\r\n' +
        'Connection: keep-alive\r\n' +
        '\r\n',
      _keepAliveTimeout: 0,
      _onPendingData: [Function: nop],
      agent: [Agent],
      socketPath: undefined,
      method: 'POST',
      maxHeaderSize: undefined,
      insecureHTTPParser: undefined,
      joinDuplicateHeaders: undefined,
      path: '/bot8316956100:AAGPnFqBGCqd0vHRE4bjj-w4dV4xIYU3_CY/getUpdates',
      _ended: true,
      res: [Circular *1],
      aborted: false,
      timeoutCb: null,
      upgradeOrConnect: false,
      parser: null,
      maxHeadersCount: null,
      reusedSocket: true,
      host: 'api.telegram.org',
      protocol: 'https:',
      Symbol(shapeMode): false,
      Symbol(kCapture): false,
      Symbol(kBytesWritten): 0,
      Symbol(kNeedDrain): false,
      Symbol(corked): 0,
      Symbol(kChunkedBuffer): [],
      Symbol(kChunkedLength): 0,
      Symbol(kSocket): [TLSSocket],
      Symbol(kOutHeaders): [Object: null prototype],
      Symbol(errored): null,
      Symbol(kHighWaterMark): 65536,
      Symbol(kRejectNonStandardBodyWrites): false,
      Symbol(kUniqueHeaders): null
    },
    _eventsCount: 4,
    request: Request {
      _events: [Object: null prototype],
      _eventsCount: 5,
      _maxListeners: undefined,
      method: 'POST',
      simple: false,
      resolveWithFullResponse: true,
      forever: true,
      readable: true,
      writable: true,
      explicitMethod: true,
      _qs: [Querystring],
      _auth: [Auth],
      _multipart: [Multipart],
      _redirect: [Redirect],
      _tunnel: [Tunnel],
      _rp_resolve: [Function (anonymous)],
      _rp_reject: [Function (anonymous)],
      _rp_promise: [Promise [Object]],
      _rp_callbackOrig: undefined,
      callback: [Function (anonymous)],
      _rp_options: [Object],
      headers: [Object],
      setHeader: [Function (anonymous)],
      hasHeader: [Function (anonymous)],
      getHeader: [Function (anonymous)],
      removeHeader: [Function (anonymous)],
      localAddress: undefined,
      pool: [Object],
      dests: [],
      __isRequestRequest: true,
      _callback: [Function: RP$callback],
      uri: [Url],
      proxy: null,
      tunnel: true,
      setHost: true,
      originalCookieHeader: undefined,
      _disableCookies: true,
      _jar: undefined,
      port: 443,
      host: 'api.telegram.org',
      body: 'offset=926588295&timeout=10',
      path: '/bot8316956100:AAGPnFqBGCqd0vHRE4bjj-w4dV4xIYU3_CY/getUpdates',
      httpModule: [Object],
      agentClass: [Function: Agent],
      agentOptions: [Object],
      agent: [Agent],
      _started: true,
      href: 'https://api.telegram.org/bot8316956100:AAGPnFqBGCqd0vHRE4bjj-w4dV4xIYU3_CY/getUpdates',
      req: [ClientRequest],
      ntick: true,
      response: [Circular *1],
      originalHost: 'api.telegram.org',
      originalHostHeaderName: 'host',
      responseContent: [Circular *1],
      _destdata: true,
      _ended: true,
      _callbackCalled: true,
      Symbol(shapeMode): false,
      Symbol(kCapture): false
    },
    toJSON: [Function: responseToJSON],
    caseless: Caseless { dict: [Object] },
    body: {
      ok: false,
      error_code: 409,
      description: 'Conflict: terminated by other getUpdates request; make sure that only one bot instance is running'
    },
    Symbol(shapeMode): true,
    Symbol(kCapture): false,
    Symbol(kHeaders): {
      server: 'nginx/1.18.0',
      date: 'Sat, 14 Feb 2026 07:54:57 GMT',
      'content-type': 'application/json',
      'content-length': '143',
      connection: 'keep-alive',
      'strict-transport-security': 'max-age=31536000; includeSubDomains; preload',
      'access-control-allow-origin': '*',
      'access-control-expose-headers': 'Content-Length,Content-Type,Date,Server,Connection'
    },
    Symbol(kHeadersCount): 16,
    Symbol(kTrailers): null,
    Symbol(kTrailersCount): 0
  }
}
Thyme polling error: TelegramError: ETELEGRAM: 409 Conflict: terminated by other getUpdates request; make sure that only one bot instance is running
    at /home/niranjan/thought-pipeline/node_modules/node-telegram-bot-api/src/telegram.js:316:15
    at tryCatcher (/home/niranjan/thought-pipeline/node_modules/bluebird/js/release/util.js:16:23)
    at Promise._settlePromiseFromHandler (/home/niranjan/thought-pipeline/node_modules/bluebird/js/release/promise.js:547:31)
    at Promise._settlePromise (/home/niranjan/thought-pipeline/node_modules/bluebird/js/release/promise.js:604:18)
    at Promise._settlePromise0 (/home/niranjan/thought-pipeline/node_modules/bluebird/js/release/promise.js:649:10)
    at Promise._settlePromises (/home/niranjan/thought-pipeline/node_modules/bluebird/js/release/promise.js:729:18)
    at _drainQueueStep (/home/niranjan/thought-pipeline/node_modules/bluebird/js/release/async.js:93:12)
    at _drainQueue (/home/niranjan/thought-pipeline/node_modules/bluebird/js/release/async.js:86:9)
    at Async._drainQueues (/home/niranjan/thought-pipeline/node_modules/bluebird/js/release/async.js:102:5)
    at Async.drainQueues [as _onImmediate] (/home/niranjan/thought-pipeline/node_modules/bluebird/js/release/async.js:15:14)
    at process.processImmediate (node:internal/timers:504:21) {
  code: 'ETELEGRAM',
  response: <ref *1> IncomingMessage {
    _events: {
      close: [Array],
      error: [Function (anonymous)],
      data: [Function (anonymous)],
      end: [Array],
      readable: undefined
    },
    _readableState: ReadableState {
      highWaterMark: 65536,
      buffer: [],
      bufferIndex: 0,
      length: 0,
      pipes: [],
      awaitDrainWriters: null,
      Symbol(kState): 194779004
    },
    _maxListeners: undefined,
    socket: null,
    httpVersionMajor: 1,
    httpVersionMinor: 1,
    httpVersion: '1.1',
    complete: true,
    rawHeaders: [
      'Server',
      'nginx/1.18.0',
      'Date',
      'Sat, 14 Feb 2026 07:55:11 GMT',
      'Content-Type',
      'application/json',
      'Content-Length',
      '143',
      'Connection',
      'keep-alive',
      'Strict-Transport-Security',
      'max-age=31536000; includeSubDomains; preload',
      'Access-Control-Allow-Origin',
      '*',
      'Access-Control-Expose-Headers',
      'Content-Length,Content-Type,Date,Server,Connection'
    ],
    rawTrailers: [],
    joinDuplicateHeaders: undefined,
    aborted: false,
    upgrade: false,
    url: '',
    method: null,
    statusCode: 409,
    statusMessage: 'Conflict',
    client: TLSSocket {
      _tlsOptions: [Object],
      _secureEstablished: true,
      _securePending: false,
      _newSessionPending: false,
      _controlReleased: true,
      secureConnecting: false,
      _SNICallback: null,
      servername: 'api.telegram.org',
      alpnProtocol: false,
      authorized: true,
      authorizationError: null,
      encrypted: true,
      _events: [Object: null prototype],
      _eventsCount: 9,
      connecting: false,
      _hadError: false,
      _parent: null,
      _host: 'api.telegram.org',
      _closeAfterHandlingError: false,
      _readableState: [ReadableState],
      _writableState: [WritableState],
      allowHalfOpen: false,
      _maxListeners: undefined,
      _sockname: null,
      _pendingData: null,
      _pendingEncoding: '',
      server: undefined,
      _server: null,
      ssl: [TLSWrap],
      _requestCert: true,
      _rejectUnauthorized: true,
      parser: null,
      _httpMessage: null,
      autoSelectFamilyAttemptedAddresses: [Array],
      timeout: 0,
      Symbol(alpncallback): null,
      Symbol(res): [TLSWrap],
      Symbol(verified): true,
      Symbol(pendingSession): null,
      Symbol(async_id_symbol): -1,
      Symbol(kHandle): [TLSWrap],
      Symbol(lastWriteQueueSize): 0,
      Symbol(timeout): null,
      Symbol(kBuffer): null,
      Symbol(kBufferCb): null,
      Symbol(kBufferGen): null,
      Symbol(shapeMode): true,
      Symbol(kCapture): false,
      Symbol(kSetNoDelay): false,
      Symbol(kSetKeepAlive): true,
      Symbol(kSetKeepAliveInitialDelay): 1,
      Symbol(kSetTOS): undefined,
      Symbol(kBytesRead): 0,
      Symbol(kBytesWritten): 0,
      Symbol(connect-options): [Object]
    },
    _consuming: false,
    _dumped: false,
    req: ClientRequest {
      _events: [Object: null prototype],
      _eventsCount: 5,
      _maxListeners: undefined,
      outputData: [],
      outputSize: 0,
      writable: true,
      destroyed: true,
      _last: false,
      chunkedEncoding: false,
      shouldKeepAlive: true,
      maxRequestsOnConnectionReached: false,
      _defaultKeepAlive: true,
      useChunkedEncodingByDefault: true,
      sendDate: false,
      _removedConnection: false,
      _removedContLen: false,
      _removedTE: false,
      strictContentLength: false,
      _contentLength: 27,
      _hasBody: true,
      _trailer: '',
      finished: true,
      _headerSent: true,
      _closed: true,
      _header: 'POST /bot8316956100:AAGPnFqBGCqd0vHRE4bjj-w4dV4xIYU3_CY/getUpdates HTTP/1.1\r\n' +
        'host: api.telegram.org\r\n' +
        'content-type: application/x-www-form-urlencoded\r\n' +
        'content-length: 27\r\n' +
        'Connection: keep-alive\r\n' +
        '\r\n',
      _keepAliveTimeout: 0,
      _onPendingData: [Function: nop],
      agent: [Agent],
      socketPath: undefined,
      method: 'POST',
      maxHeaderSize: undefined,
      insecureHTTPParser: undefined,
      joinDuplicateHeaders: undefined,
      path: '/bot8316956100:AAGPnFqBGCqd0vHRE4bjj-w4dV4xIYU3_CY/getUpdates',
      _ended: true,
      res: [Circular *1],
      aborted: false,
      timeoutCb: null,
      upgradeOrConnect: false,
      parser: null,
      maxHeadersCount: null,
      reusedSocket: true,
      host: 'api.telegram.org',
      protocol: 'https:',
      Symbol(shapeMode): false,
      Symbol(kCapture): false,
      Symbol(kBytesWritten): 0,
      Symbol(kNeedDrain): false,
      Symbol(corked): 0,
      Symbol(kChunkedBuffer): [],
      Symbol(kChunkedLength): 0,
      Symbol(kSocket): [TLSSocket],
      Symbol(kOutHeaders): [Object: null prototype],
      Symbol(errored): null,
      Symbol(kHighWaterMark): 65536,
      Symbol(kRejectNonStandardBodyWrites): false,
      Symbol(kUniqueHeaders): null
    },
    _eventsCount: 4,
    request: Request {
      _events: [Object: null prototype],
      _eventsCount: 5,
      _maxListeners: undefined,
      method: 'POST',
      simple: false,
      resolveWithFullResponse: true,
      forever: true,
      readable: true,
      writable: true,
      explicitMethod: true,
      _qs: [Querystring],
      _auth: [Auth],
      _multipart: [Multipart],
      _redirect: [Redirect],
      _tunnel: [Tunnel],
      _rp_resolve: [Function (anonymous)],
      _rp_reject: [Function (anonymous)],
      _rp_promise: [Promise [Object]],
      _rp_callbackOrig: undefined,
      callback: [Function (anonymous)],
      _rp_options: [Object],
      headers: [Object],
      setHeader: [Function (anonymous)],
      hasHeader: [Function (anonymous)],
      getHeader: [Function (anonymous)],
      removeHeader: [Function (anonymous)],
      localAddress: undefined,
      pool: [Object],
      dests: [],
      __isRequestRequest: true,
      _callback: [Function: RP$callback],
      uri: [Url],
      proxy: null,
      tunnel: true,
      setHost: true,
      originalCookieHeader: undefined,
      _disableCookies: true,
      _jar: undefined,
      port: 443,
      host: 'api.telegram.org',
      body: 'offset=926588295&timeout=10',
      path: '/bot8316956100:AAGPnFqBGCqd0vHRE4bjj-w4dV4xIYU3_CY/getUpdates',
      httpModule: [Object],
      agentClass: [Function: Agent],
      agentOptions: [Object],
      agent: [Agent],
      _started: true,
      href: 'https://api.telegram.org/bot8316956100:AAGPnFqBGCqd0vHRE4bjj-w4dV4xIYU3_CY/getUpdates',
      req: [ClientRequest],
      ntick: true,
      response: [Circular *1],
      originalHost: 'api.telegram.org',
      originalHostHeaderName: 'host',
      responseContent: [Circular *1],
      _destdata: true,
      _ended: true,
      _callbackCalled: true,
      Symbol(shapeMode): false,
      Symbol(kCapture): false
    },
    toJSON: [Function: responseToJSON],
    caseless: Caseless { dict: [Object] },
    body: {
      ok: false,
      error_code: 409,
      description: 'Conflict: terminated by other getUpdates request; make sure that only one bot instance is running'
    },
    Symbol(shapeMode): true,
    Symbol(kCapture): false,
    Symbol(kHeaders): {
      server: 'nginx/1.18.0',
      date: 'Sat, 14 Feb 2026 07:55:11 GMT',
      'content-type': 'application/json',
      'content-length': '143',
      connection: 'keep-alive',
      'strict-transport-security': 'max-age=31536000; includeSubDomains; preload',
      'access-control-allow-origin': '*',
      'access-control-expose-headers': 'Content-Length,Content-Type,Date,Server,Connection'
    },
    Symbol(kHeadersCount): 16,
    Symbol(kTrailers): null,
    Symbol(kTrailersCount): 0
  }
}
Thyme spawn error: Command failed: openclaw sessions_spawn --label "thyme-interactive" --task '
You are Thyme, Niranjan'\''s time management AI companion. 
Read your persona from /home/niranjan/.openclaw/workspace/agents/thyme.md.

Niranjan just messaged you: "hi"

Respond helpfully and concisely. Address him directly as "Niranjan".

After generating your response, you MUST send it to Telegram by running:
curl -s -X POST "https://api.telegram.org/bot8316956100:AAGPnFqBGCqd0vHRE4bjj-w4dV4xIYU3_CY/sendMessage" \
  -d "chat_id=1709443757" \
  -d "text=<YOUR_RESPONSE_HERE>" \
  -d "reply_to_message_id=13"

Replace <YOUR_RESPONSE_HERE> with your actual response text (URL encoded if needed).
' --agentId main --timeoutSeconds 60
error: unknown command 'sessions_spawn'

